This is XeTeX, Version 3.14159265-2.6-0.99991 (TeX Live 2014) (preloaded format=xelatex 2015.4.23)  8 JUL 2015 14:19
entering extended mode
 restricted \write18 enabled.
 file:line:error style messages enabled.
 %&-line parsing enabled.
**aissm.tex
(./aissm.tex
LaTeX2e <2014/05/01>
Babel <3.9k> and hyphenation patterns for 78 languages loaded.
(/usr/local/texlive/2014/texmf-dist/tex/latex/base/article.cls
Document Class: article 2007/10/19 v1.4h Standard LaTeX document class
(/usr/local/texlive/2014/texmf-dist/tex/latex/base/size10.clo
File: size10.clo 2007/10/19 v1.4h Standard LaTeX file (size option)
)
\c@part=\count80
\c@section=\count81
\c@subsection=\count82
\c@subsubsection=\count83
\c@paragraph=\count84
\c@subparagraph=\count85
\c@figure=\count86
\c@table=\count87
\abovecaptionskip=\skip41
\belowcaptionskip=\skip42
\bibindent=\dimen102
)
(/usr/local/texlive/2014/texmf-dist/tex/latex/fontspec/fontspec.sty
Package: fontspec 2013/05/20 v2.3c Font selection for XeLaTeX and LuaLaTeX

(/usr/local/texlive/2014/texmf-dist/tex/latex/l3kernel/expl3.sty
Package: expl3 2014/05/20 v4814 L3 programming layer (loader) 

(/usr/local/texlive/2014/texmf-dist/tex/generic/oberdiek/ifpdf.sty
Package: ifpdf 2011/01/30 v2.3 Provides the ifpdf switch (HO)
Package ifpdf Info: pdfTeX in PDF mode is not detected.
)
(/usr/local/texlive/2014/texmf-dist/tex/latex/l3kernel/expl3-code.tex
Package: expl3 2014/05/20 v4814 L3 programming layer (code) 
L3 Module: l3bootstrap 2014/05/16 v4782 L3 Bootstrap code

(/usr/local/texlive/2014/texmf-dist/tex/latex/etex-pkg/etex.sty
Package: etex 1998/03/26 v2.0 eTeX basic definition package (PEB)
\et@xins=\count88
)
L3 Module: l3names 2014/05/04 v4728 L3 Namespace for primitives
L3 Module: l3basics 2014/05/04 v4728 L3 Basic definitions
L3 Module: l3expan 2014/04/30 v4712 L3 Argument expansion
L3 Module: l3tl 2014/05/04 v4728 L3 Token lists
L3 Module: l3seq 2014/04/30 v4712 L3 Sequences and stacks
L3 Module: l3int 2014/05/16 v4776 L3 Integers
\c_max_int=\count89
\l_tmpa_int=\count90
\l_tmpb_int=\count91
\g_tmpa_int=\count92
\g_tmpb_int=\count93
L3 Module: l3quark 2014/05/04 v4728 L3 Quarks
L3 Module: l3prg 2014/05/04 v4728 L3 Control structures
\g__prg_map_int=\count94
L3 Module: l3clist 2014/05/04 v4728 L3 Comma separated lists
L3 Module: l3token 2014/05/04 v4728 L3 Experimental token manipulation
L3 Module: l3prop 2014/04/30 v4712 L3 Property lists
L3 Module: l3msg 2014/05/04 v4728 L3 Messages
L3 Module: l3file 2014/05/05 v4737 L3 File and I/O operations
\l_iow_line_count_int=\count95
\l__iow_target_count_int=\count96
\l__iow_current_line_int=\count97
\l__iow_current_word_int=\count98
\l__iow_current_indentation_int=\count99
L3 Module: l3skip 2014/05/05 v4738 L3 Dimensions and skips
\c_zero_dim=\dimen103
\c_max_dim=\dimen104
\l_tmpa_dim=\dimen105
\l_tmpb_dim=\dimen106
\g_tmpa_dim=\dimen107
\g_tmpb_dim=\dimen108
\c_zero_skip=\skip43
\c_max_skip=\skip44
\l_tmpa_skip=\skip45
\l_tmpb_skip=\skip46
\g_tmpa_skip=\skip47
\g_tmpb_skip=\skip48
\c_zero_muskip=\muskip10
\c_max_muskip=\muskip11
\l_tmpa_muskip=\muskip12
\l_tmpb_muskip=\muskip13
\g_tmpa_muskip=\muskip14
\g_tmpb_muskip=\muskip15
L3 Module: l3keys 2014/05/08 v4753 L3 Key-value interfaces
\g__keyval_level_int=\count100
\l_keys_choice_int=\count101
L3 Module: l3fp 2014/04/30 v4712 L3 Floating points
\c__fp_leading_shift_int=\count102
\c__fp_middle_shift_int=\count103
\c__fp_trailing_shift_int=\count104
\c__fp_big_leading_shift_int=\count105
\c__fp_big_middle_shift_int=\count106
\c__fp_big_trailing_shift_int=\count107
\c__fp_Bigg_leading_shift_int=\count108
\c__fp_Bigg_middle_shift_int=\count109
\c__fp_Bigg_trailing_shift_int=\count110
L3 Module: l3box 2014/05/04 v4728 L3 Experimental boxes
\c_empty_box=\box26
\l_tmpa_box=\box27
\l_tmpb_box=\box28
\g_tmpa_box=\box29
\g_tmpb_box=\box30
L3 Module: l3coffins 2014/05/04 v4728 L3 Coffin code layer
\l__coffin_internal_box=\box31
\l__coffin_internal_dim=\dimen109
\l__coffin_offset_x_dim=\dimen110
\l__coffin_offset_y_dim=\dimen111
\l__coffin_x_dim=\dimen112
\l__coffin_y_dim=\dimen113
\l__coffin_x_prime_dim=\dimen114
\l__coffin_y_prime_dim=\dimen115
\c_empty_coffin=\box32
\l__coffin_aligned_coffin=\box33
\l__coffin_aligned_internal_coffin=\box34
\l_tmpa_coffin=\box35
\l_tmpb_coffin=\box36
\l__coffin_display_coffin=\box37
\l__coffin_display_coord_coffin=\box38
\l__coffin_display_pole_coffin=\box39
\l__coffin_display_offset_dim=\dimen116
\l__coffin_display_x_dim=\dimen117
\l__coffin_display_y_dim=\dimen118
L3 Module: l3color 2014/04/30 v4712 L3 Experimental color support
L3 Module: l3luatex 2014/04/30 v4712 L3 Experimental LuaTeX-specific functions
\g__cctab_allocate_int=\count111
\g__cctab_stack_int=\count112
L3 Module: l3candidates 2014/05/04 v4734 L3 Experimental additions to l3kernel
\l__box_top_dim=\dimen119
\l__box_bottom_dim=\dimen120
\l__box_left_dim=\dimen121
\l__box_right_dim=\dimen122
\l__box_top_new_dim=\dimen123
\l__box_bottom_new_dim=\dimen124
\l__box_left_new_dim=\dimen125
\l__box_right_new_dim=\dimen126
\l__box_internal_box=\box40
\l__coffin_bounding_shift_dim=\dimen127
\l__coffin_left_corner_dim=\dimen128
\l__coffin_right_corner_dim=\dimen129
\l__coffin_bottom_corner_dim=\dimen130
\l__coffin_top_corner_dim=\dimen131
\l__coffin_scaled_total_height_dim=\dimen132
\l__coffin_scaled_width_dim=\dimen133
))
(/usr/local/texlive/2014/texmf-dist/tex/latex/l3packages/xparse/xparse.sty
Package: xparse 2014/05/05 v4740 L3 Experimental document command parser
\l__xparse_current_arg_int=\count113
\l__xparse_m_args_int=\count114
\l__xparse_mandatory_args_int=\count115
\l__xparse_processor_int=\count116
\l__xparse_v_nesting_int=\count117
)
\l_fontspec_script_int=\count118
\l_fontspec_language_int=\count119
\l_fontspec_strnum_int=\count120
\l_fontspec_tmpa_dim=\dimen134
\l_fontspec_tmpb_dim=\dimen135
\l_fontspec_tmpc_dim=\dimen136
Variant \tl_gset:cV already defined; not changing it on line 69

(/usr/local/texlive/2014/texmf-dist/tex/latex/fontspec/fontspec-patches.sty
Package: fontspec-patches 2013/05/20 v2.3c Font selection for XeLaTeX and LuaLa
TeX

(/usr/local/texlive/2014/texmf-dist/tex/latex/base/fixltx2e.sty
Package: fixltx2e 2014/05/13 v1.1q fixes to LaTeX
LaTeX Info: Redefining \em on input line 429.
)
LaTeX Info: Redefining \em on input line 22.
LaTeX Info: Redefining \emph on input line 30.
LaTeX Info: Redefining \- on input line 33.

*************************************************
* LaTeX warning: "xparse/redefine-command"
* 
* Redefining document command \oldstylenums with arg. spec. 'm' on line 128.
*************************************************
.................................................
. LaTeX info: "xparse/define-command"
. 
. Defining document command \liningnums with arg. spec. 'm' on line 132.
.................................................
) (/usr/local/texlive/2014/texmf-dist/tex/latex/fontspec/fontspec-xetex.sty
Package: fontspec-xetex 2013/05/20 v2.3c Font selection for XeLaTeX and LuaLaTe
X

(/usr/local/texlive/2014/texmf-dist/tex/latex/base/fontenc.sty
Package: fontenc 2005/09/27 v1.99g Standard LaTeX package

(/usr/local/texlive/2014/texmf-dist/tex/latex/euenc/eu1enc.def
File: eu1enc.def 2010/05/27 v0.1h Experimental Unicode font encodings
)
LaTeX Font Info:    Try loading font information for EU1+lmr on input line 100.


(/usr/local/texlive/2014/texmf-dist/tex/latex/euenc/eu1lmr.fd
File: eu1lmr.fd 2009/10/30 v1.6 Font defs for Latin Modern
))
(/usr/local/texlive/2014/texmf-dist/tex/xelatex/xunicode/xunicode.sty
File: xunicode.sty 2011/09/09 v0.981 provides access to latin accents and many 
other characters in Unicode lower plane

(/usr/local/texlive/2014/texmf-dist/tex/latex/tipa/t3enc.def
File: t3enc.def 2001/12/31 T3 encoding
LaTeX Font Info:    Try loading font information for EU1+lmss on input line 357
.

(/usr/local/texlive/2014/texmf-dist/tex/latex/euenc/eu1lmss.fd
File: eu1lmss.fd 2009/10/30 v1.6 Font defs for Latin Modern
))
\tipaTiiicode=\count121
\tipasavetokens=\toks14
\tipachecktokens=\toks15

(/usr/local/texlive/2014/texmf-dist/tex/latex/graphics/graphicx.sty
Package: graphicx 2014/04/25 v1.0g Enhanced LaTeX Graphics (DPC,SPQR)

(/usr/local/texlive/2014/texmf-dist/tex/latex/graphics/keyval.sty
Package: keyval 2014/05/08 v1.15 key=value parser (DPC)
\KV@toks@=\toks16
)
(/usr/local/texlive/2014/texmf-dist/tex/latex/graphics/graphics.sty
Package: graphics 2009/02/05 v1.0o Standard LaTeX Graphics (DPC,SPQR)

(/usr/local/texlive/2014/texmf-dist/tex/latex/graphics/trig.sty
Package: trig 1999/03/16 v1.09 sin cos tan (DPC)
)
(/usr/local/texlive/2014/texmf-dist/tex/latex/latexconfig/graphics.cfg
File: graphics.cfg 2010/04/23 v1.9 graphics configuration of TeX Live
)
Package graphics Info: Driver file: xetex.def on input line 91.

(/usr/local/texlive/2014/texmf-dist/tex/xelatex/xetex-def/xetex.def
File: xetex.def 2014/04/28 v4.01 LaTeX color/graphics driver for XeTeX (RRM/JK)

))
\Gin@req@height=\dimen137
\Gin@req@width=\dimen138
))
.................................................
. LaTeX info: "xparse/define-command"
. 
. Defining document command \fontspec with arg. spec. 'O{}m' on line 41.
.................................................
.................................................
. LaTeX info: "xparse/define-command"
. 
. Defining document command \setmainfont with arg. spec. 'O{}m' on line 46.
.................................................
.................................................
. LaTeX info: "xparse/define-command"
. 
. Defining document command \setsansfont with arg. spec. 'O{}m' on line 51.
.................................................
.................................................
. LaTeX info: "xparse/define-command"
. 
. Defining document command \setmonofont with arg. spec. 'O{}m' on line 56.
.................................................
.................................................
. LaTeX info: "xparse/define-command"
. 
. Defining document command \setmathrm with arg. spec. 'O{}m' on line 65.
.................................................
.................................................
. LaTeX info: "xparse/define-command"
. 
. Defining document command \setboldmathrm with arg. spec. 'O{}m' on line 69.
.................................................
.................................................
. LaTeX info: "xparse/define-command"
. 
. Defining document command \setmathsf with arg. spec. 'O{}m' on line 73.
.................................................
.................................................
. LaTeX info: "xparse/define-command"
. 
. Defining document command \setmathtt with arg. spec. 'O{}m' on line 77.
.................................................
.................................................
. LaTeX info: "xparse/define-command"
. 
. Defining document command \newfontfamily with arg. spec. 'mO{}m' on line 96.
.................................................
.................................................
. LaTeX info: "xparse/define-command"
. 
. Defining document command \newfontface with arg. spec. 'mO{}m' on line 100.
.................................................
.................................................
. LaTeX info: "xparse/define-command"
. 
. Defining document command \defaultfontfeatures with arg. spec. 'om' on line
. 108.
.................................................
.................................................
. LaTeX info: "xparse/define-command"
. 
. Defining document command \addfontfeatures with arg. spec. 'm' on line 144.
.................................................
.................................................
. LaTeX info: "xparse/define-command"
. 
. Defining document command \newfontfeature with arg. spec. 'mm' on line 156.
.................................................
.................................................
. LaTeX info: "xparse/define-command"
. 
. Defining document command \newAATfeature with arg. spec. 'mmmm' on line 164.
.................................................
.................................................
. LaTeX info: "xparse/define-command"
. 
. Defining document command \newICUfeature with arg. spec. 'mmm' on line 172.
.................................................
.................................................
. LaTeX info: "xparse/define-command"
. 
. Defining document command \aliasfontfeature with arg. spec. 'mm' on line
. 201.
.................................................
.................................................
. LaTeX info: "xparse/define-command"
. 
. Defining document command \aliasfontfeatureoption with arg. spec. 'mmm' on
. line 203.
.................................................
.................................................
. LaTeX info: "xparse/define-command"
. 
. Defining document command \newfontscript with arg. spec. 'mm' on line 208.
.................................................
.................................................
. LaTeX info: "xparse/define-command"
. 
. Defining document command \newfontlanguage with arg. spec. 'mm' on line 235.
.................................................
.................................................
. LaTeX info: "xparse/define-command"
. 
. Defining document command \DeclareFontsExtensions with arg. spec. 'm' on
. line 256.
.................................................
Variant \prop_gput:cnV already defined; not changing it on line 582
Variant \prop_gput:cnx already defined; not changing it on line 583
\l_fontspec_tmp_int=\count122
LaTeX Info: Redefining \itshape on input line 2087.
LaTeX Info: Redefining \slshape on input line 2092.
LaTeX Info: Redefining \scshape on input line 2097.
LaTeX Info: Redefining \upshape on input line 2102.

(/usr/local/texlive/2014/texmf-dist/tex/latex/fontspec/fontspec.cfg)))
(/usr/local/texlive/2014/texmf-dist/tex/latex/tools/multicol.sty
Package: multicol 2014/04/23 v1.8e multicolumn formatting (FMi)
\c@tracingmulticols=\count123
\mult@box=\box41
\multicol@leftmargin=\dimen139
\c@unbalance=\count124
\c@collectmore=\count125
\doublecol@number=\count126
\multicoltolerance=\count127
\multicolpretolerance=\count128
\full@width=\dimen140
\page@free=\dimen141
\premulticols=\dimen142
\postmulticols=\dimen143
\multicolsep=\skip49
\multicolbaselineskip=\skip50
\partial@page=\box42
\last@line=\box43
\maxbalancingoverflow=\dimen144
\mult@rightbox=\box44
\mult@grightbox=\box45
\mult@gfirstbox=\box46
\mult@firstbox=\box47
\@tempa=\box48
\@tempa=\box49
\@tempa=\box50
\@tempa=\box51
\@tempa=\box52
\@tempa=\box53
\@tempa=\box54
\@tempa=\box55
\@tempa=\box56
\@tempa=\box57
\@tempa=\box58
\@tempa=\box59
\@tempa=\box60
\@tempa=\box61
\@tempa=\box62
\@tempa=\box63
\@tempa=\box64
\c@columnbadness=\count129
\c@finalcolumnbadness=\count130
\last@try=\dimen145
\multicolovershoot=\dimen146
\multicolundershoot=\dimen147
\mult@nat@firstbox=\box65
\colbreak@box=\box66
\mc@col@check@num=\count131
)
(/usr/local/texlive/2014/texmf-dist/tex/latex/multirow/multirow.sty
\bigstrutjot=\dimen148
)
(/usr/local/texlive/2014/texmf-dist/tex/latex/listings/listings.sty
\lst@mode=\count132
\lst@gtempboxa=\box67
\lst@token=\toks17
\lst@length=\count133
\lst@currlwidth=\dimen149
\lst@column=\count134
\lst@pos=\count135
\lst@lostspace=\dimen150
\lst@width=\dimen151
\lst@newlines=\count136
\lst@lineno=\count137
\lst@maxwidth=\dimen152

(/usr/local/texlive/2014/texmf-dist/tex/latex/listings/lstmisc.sty
File: lstmisc.sty 2014/03/04 1.5c (Carsten Heinz)
\c@lstnumber=\count138
\lst@skipnumbers=\count139
\lst@framebox=\box68
)
(/usr/local/texlive/2014/texmf-dist/tex/latex/listings/listings.cfg
File: listings.cfg 2014/03/04 1.5c listings configuration
))
Package: listings 2014/03/04 1.5c (Carsten Heinz)

(/usr/local/texlive/2014/texmf-dist/tex/latex/graphics/color.sty
Package: color 2014/04/23 v1.1a Standard LaTeX Color (DPC)

(/usr/local/texlive/2014/texmf-dist/tex/latex/latexconfig/color.cfg
File: color.cfg 2007/01/18 v1.5 color configuration of teTeX/TeXLive
)
Package color Info: Driver file: xetex.def on input line 137.
)
(/usr/local/texlive/2014/texmf-dist/tex/latex/tools/longtable.sty
Package: longtable 2004/02/01 v4.11 Multi-page Table package (DPC)
\LTleft=\skip51
\LTright=\skip52
\LTpre=\skip53
\LTpost=\skip54
\LTchunksize=\count140
\LTcapwidth=\dimen153
\LT@head=\box69
\LT@firsthead=\box70
\LT@foot=\box71
\LT@lastfoot=\box72
\LT@cols=\count141
\LT@rows=\count142
\c@LT@tables=\count143
\c@LT@chunks=\count144
\LT@p@ftn=\toks18
)
(/usr/local/texlive/2014/texmf-dist/tex/latex/booktabs/booktabs.sty
Package: booktabs 2005/04/14 v1.61803 publication quality tables
\heavyrulewidth=\dimen154
\lightrulewidth=\dimen155
\cmidrulewidth=\dimen156
\belowrulesep=\dimen157
\belowbottomsep=\dimen158
\aboverulesep=\dimen159
\abovetopsep=\dimen160
\cmidrulesep=\dimen161
\cmidrulekern=\dimen162
\defaultaddspace=\dimen163
\@cmidla=\count145
\@cmidlb=\count146
\@aboverulesep=\dimen164
\@belowrulesep=\dimen165
\@thisruleclass=\count147
\@lastruleclass=\count148
\@thisrulewidth=\dimen166
)
(/usr/local/texlive/2014/texmf-dist/tex/latex/tools/enumerate.sty
Package: enumerate 1999/03/05 v3.00 enumerate extensions (DPC)
\@enLab=\toks19
)
(/usr/local/texlive/2014/texmf-dist/tex/latex/geometry/geometry.sty
Package: geometry 2010/09/12 v5.6 Page Geometry

(/usr/local/texlive/2014/texmf-dist/tex/generic/oberdiek/ifvtex.sty
Package: ifvtex 2010/03/01 v1.5 Detect VTeX and its facilities (HO)
Package ifvtex Info: VTeX not detected.
)
(/usr/local/texlive/2014/texmf-dist/tex/generic/ifxetex/ifxetex.sty
Package: ifxetex 2010/09/12 v0.6 Provides ifxetex conditional
)
\Gm@cnth=\count149
\Gm@cntv=\count150
\c@Gm@tempcnt=\count151
\Gm@bindingoffset=\dimen167
\Gm@wd@mp=\dimen168
\Gm@odd@mp=\dimen169
\Gm@even@mp=\dimen170
\Gm@layoutwidth=\dimen171
\Gm@layoutheight=\dimen172
\Gm@layouthoffset=\dimen173
\Gm@layoutvoffset=\dimen174
\Gm@dimlist=\toks20
)
\g__file_internal_ior=\read1
.................................................
. fontspec info: "no-scripts"
. 
. Font STFangsong does not contain any OpenType `Script' information.
.................................................
\g_fontspec_family_STFangsong_int=\count152
.................................................
. fontspec info: "no-font-shape"
. 
. Could not resolve font STFangsong/B (it probably doesn't exist).
.................................................
.................................................
. fontspec info: "no-font-shape"
. 
. Could not resolve font STFangsong/I (it probably doesn't exist).
.................................................
.................................................
. fontspec info: "no-font-shape"
. 
. Could not resolve font STFangsong/BI (it probably doesn't exist).
.................................................
.................................................
. fontspec info: "defining-font"
. 
. Font family 'STFangsong(0)' created for font 'STFangsong' with options [].
. 
. This font family consists of the following shapes:
. 
. * 'normal' with NFSS spec.:
. <->"STFangsong/AAT:"
.................................................

(./aissm.aux)
\openout1 = `aissm.aux'.

LaTeX Font Info:    Checking defaults for OML/cmm/m/it on input line 49.
LaTeX Font Info:    ... okay on input line 49.
LaTeX Font Info:    Checking defaults for T1/cmr/m/n on input line 49.
LaTeX Font Info:    ... okay on input line 49.
LaTeX Font Info:    Checking defaults for OT1/cmr/m/n on input line 49.
LaTeX Font Info:    ... okay on input line 49.
LaTeX Font Info:    Checking defaults for OMS/cmsy/m/n on input line 49.
LaTeX Font Info:    ... okay on input line 49.
LaTeX Font Info:    Checking defaults for OMX/cmex/m/n on input line 49.
LaTeX Font Info:    ... okay on input line 49.
LaTeX Font Info:    Checking defaults for U/cmr/m/n on input line 49.
LaTeX Font Info:    ... okay on input line 49.
LaTeX Font Info:    Checking defaults for EU1/lmr/m/n on input line 49.
LaTeX Font Info:    ... okay on input line 49.
LaTeX Font Info:    Checking defaults for T3/cmr/m/n on input line 49.
LaTeX Font Info:    Try loading font information for T3+cmr on input line 49.
 (/usr/local/texlive/2014/texmf-dist/tex/latex/tipa/t3cmr.fd
File: t3cmr.fd 2001/12/31 TIPA font definitions
)
LaTeX Font Info:    ... okay on input line 49.
.................................................
. fontspec info: "setup-math"
. 
. Adjusting the maths setup (use [no-math] to avoid this).
.................................................
\symlegacymaths=\mathgroup4
LaTeX Font Info:    Overwriting symbol font `legacymaths' in version `bold'
(Font)                  OT1/cmr/m/n --> OT1/cmr/bx/n on input line 49.
LaTeX Font Info:    Redeclaring math accent \acute on input line 49.
LaTeX Font Info:    Redeclaring math accent \grave on input line 49.
LaTeX Font Info:    Redeclaring math accent \ddot on input line 49.
LaTeX Font Info:    Redeclaring math accent \tilde on input line 49.
LaTeX Font Info:    Redeclaring math accent \bar on input line 49.
LaTeX Font Info:    Redeclaring math accent \breve on input line 49.
LaTeX Font Info:    Redeclaring math accent \check on input line 49.
LaTeX Font Info:    Redeclaring math accent \hat on input line 49.
LaTeX Font Info:    Redeclaring math accent \dot on input line 49.
LaTeX Font Info:    Redeclaring math accent \mathring on input line 49.
LaTeX Font Info:    Redeclaring math symbol \colon on input line 49.
LaTeX Font Info:    Redeclaring math symbol \Gamma on input line 49.
LaTeX Font Info:    Redeclaring math symbol \Delta on input line 49.
LaTeX Font Info:    Redeclaring math symbol \Theta on input line 49.
LaTeX Font Info:    Redeclaring math symbol \Lambda on input line 49.
LaTeX Font Info:    Redeclaring math symbol \Xi on input line 49.
LaTeX Font Info:    Redeclaring math symbol \Pi on input line 49.
LaTeX Font Info:    Redeclaring math symbol \Sigma on input line 49.
LaTeX Font Info:    Redeclaring math symbol \Upsilon on input line 49.
LaTeX Font Info:    Redeclaring math symbol \Phi on input line 49.
LaTeX Font Info:    Redeclaring math symbol \Psi on input line 49.
LaTeX Font Info:    Redeclaring math symbol \Omega on input line 49.
LaTeX Font Info:    Redeclaring math symbol \mathdollar on input line 49.
LaTeX Font Info:    Redeclaring symbol font `operators' on input line 49.
LaTeX Font Info:    Encoding `OT1' has changed to `EU1' for symbol font
(Font)              `operators' in the math version `normal' on input line 49.
LaTeX Font Info:    Overwriting symbol font `operators' in version `normal'
(Font)                  OT1/cmr/m/n --> EU1/STFangsong(0)/m/n on input line 49.

LaTeX Font Info:    Encoding `OT1' has changed to `EU1' for symbol font
(Font)              `operators' in the math version `bold' on input line 49.
LaTeX Font Info:    Overwriting symbol font `operators' in version `bold'
(Font)                  OT1/cmr/bx/n --> EU1/STFangsong(0)/m/n on input line 49
.
LaTeX Font Info:    Overwriting symbol font `operators' in version `normal'
(Font)                  EU1/STFangsong(0)/m/n --> EU1/STFangsong(0)/m/n on inpu
t line 49.
LaTeX Font Info:    Overwriting math alphabet `\mathrm' in version `normal'
(Font)                  EU1/STFangsong(0)/m/n --> EU1/STFangsong(0)/m/n on inpu
t line 49.
LaTeX Font Info:    Overwriting math alphabet `\mathit' in version `normal'
(Font)                  OT1/cmr/m/it --> EU1/STFangsong(0)/m/it on input line 4
9.
LaTeX Font Info:    Overwriting math alphabet `\mathbf' in version `normal'
(Font)                  OT1/cmr/bx/n --> EU1/STFangsong(0)/bx/n on input line 4
9.
LaTeX Font Info:    Overwriting math alphabet `\mathsf' in version `normal'
(Font)                  OT1/cmss/m/n --> EU1/lmss/m/n on input line 49.
LaTeX Font Info:    Overwriting math alphabet `\mathtt' in version `normal'
(Font)                  OT1/cmtt/m/n --> EU1/lmtt/m/n on input line 49.
LaTeX Font Info:    Overwriting symbol font `operators' in version `bold'
(Font)                  EU1/STFangsong(0)/m/n --> EU1/STFangsong(0)/bx/n on inp
ut line 49.
LaTeX Font Info:    Overwriting math alphabet `\mathrm' in version `bold'
(Font)                  EU1/STFangsong(0)/m/n --> EU1/STFangsong(0)/bx/n on inp
ut line 49.
LaTeX Font Info:    Overwriting math alphabet `\mathit' in version `bold'
(Font)                  OT1/cmr/bx/it --> EU1/STFangsong(0)/bx/it on input line
 49.
LaTeX Font Info:    Overwriting math alphabet `\mathsf' in version `bold'
(Font)                  OT1/cmss/bx/n --> EU1/lmss/bx/n on input line 49.
LaTeX Font Info:    Overwriting math alphabet `\mathtt' in version `bold'
(Font)                  OT1/cmtt/m/n --> EU1/lmtt/bx/n on input line 49.
\c@lstlisting=\count153

*geometry* driver: auto-detecting
*geometry* detected driver: xetex
*geometry* verbose mode - [ preamble ] result:
* driver: xetex
* paper: <default>
* layout: <same size as paper>
* layoutoffset:(h,v)=(0.0pt,0.0pt)
* modes: 
* h-part:(L,W,R)=(42.67912pt, 343.99384pt, 227.62204pt)
* v-part:(T,H,B)=(85.35826pt, 666.9326pt, 42.67912pt)
* \paperwidth=614.295pt
* \paperheight=794.96999pt
* \textwidth=343.99384pt
* \textheight=666.9326pt
* \oddsidemargin=-29.59087pt
* \evensidemargin=-29.59087pt
* \topmargin=-23.91173pt
* \headheight=12.0pt
* \headsep=25.0pt
* \topskip=10.0pt
* \footskip=30.0pt
* \marginparwidth=156.49014pt
* \marginparsep=28.45274pt
* \columnsep=10.0pt
* \skip\footins=9.0pt plus 4.0pt minus 2.0pt
* \hoffset=0.0pt
* \voffset=0.0pt
* \mag=1000
* \@twocolumnfalse
* \@twosidefalse
* \@mparswitchfalse
* \@reversemarginfalse
* (1in=72.27pt=25.4mm, 1cm=28.453pt)

(/usr/local/texlive/2014/texmf-dist/tex/latex/listings/lstlang1.sty
File: lstlang1.sty 2014/03/04 1.5c listings language file
)
LaTeX Font Info:    External font `cmex10' loaded for size
(Font)              <12> on input line 95.
LaTeX Font Info:    External font `cmex10' loaded for size
(Font)              <8> on input line 95.
LaTeX Font Info:    External font `cmex10' loaded for size
(Font)              <6> on input line 95.


LaTeX Font Warning: Font shape `EU1/STFangsong(0)/bx/n' undefined
(Font)              using `EU1/STFangsong(0)/m/n' instead on input line 97.

(./aissm.toc
LaTeX Font Info:    External font `cmex10' loaded for size
(Font)              <7> on input line 2.
LaTeX Font Info:    External font `cmex10' loaded for size
(Font)              <5> on input line 2.
)
\tf@toc=\write3
\openout3 = `aissm.toc'.


Overfull \hbox (172.48752pt too wide) in alignment at lines 117--121
 [] [] [] [] [] [] [] 
 []


Overfull \hbox (172.48752pt too wide) in alignment at lines 121--121
 [] [] [] [] [] [] [] 
 []


Overfull \hbox (172.48752pt too wide) in alignment at lines 121--121
 [] [] [] [] [] [] [] 
 []


Overfull \hbox (172.48752pt too wide) in alignment at lines 121--121
 [] [] [] [] [] [] [] 
 []


Overfull \hbox (172.48752pt too wide) in alignment at lines 121--135
 [] [] [] [] [] [] [] 
 []


Overfull \hbox (172.48752pt too wide) in alignment at lines 140--143
 [] [] [] [] [] [] [] 
 []


Overfull \hbox (172.48752pt too wide) in alignment at lines 143--143
 [] [] [] [] [] [] [] 
 []


Overfull \hbox (172.48752pt too wide) in alignment at lines 143--143
 [] [] [] [] [] [] [] 
 []


Overfull \hbox (172.48752pt too wide) in alignment at lines 143--143
 [] [] [] [] [] [] [] 
 []


Overfull \hbox (172.48752pt too wide) in alignment at lines 143--157
 [] [] [] [] [] [] [] 
 []

[1

]
Overfull \hbox (172.48752pt too wide) in alignment at lines 162--165
 [] [] [] [] [] [] [] 
 []


Overfull \hbox (172.48752pt too wide) in alignment at lines 165--165
 [] [] [] [] [] [] [] 
 []


Overfull \hbox (172.48752pt too wide) in alignment at lines 165--165
 [] [] [] [] [] [] [] 
 []


Overfull \hbox (172.48752pt too wide) in alignment at lines 165--165
 [] [] [] [] [] [] [] 
 []


Overfull \hbox (172.48752pt too wide) in alignment at lines 165--175
 [] [] [] [] [] [] [] 
 []


Overfull \hbox (172.48752pt too wide) in alignment at lines 180--183
 [] [] [] [] [] [] [] 
 []


Overfull \hbox (172.48752pt too wide) in alignment at lines 183--183
 [] [] [] [] [] [] [] 
 []


Overfull \hbox (172.48752pt too wide) in alignment at lines 183--183
 [] [] [] [] [] [] [] 
 []


Overfull \hbox (172.48752pt too wide) in alignment at lines 183--183
 [] [] [] [] [] [] [] 
 []


Overfull \hbox (172.48752pt too wide) in alignment at lines 183--195
 [] [] [] [] [] [] [] 
 []


Overfull \hbox (172.48752pt too wide) in alignment at lines 200--203
 [] [] [] [] [] [] [] 
 []


Overfull \hbox (172.48752pt too wide) in alignment at lines 203--203
 [] [] [] [] [] [] [] 
 []


Overfull \hbox (172.48752pt too wide) in alignment at lines 203--203
 [] [] [] [] [] [] [] 
 []


Overfull \hbox (172.48752pt too wide) in alignment at lines 203--203
 [] [] [] [] [] [] [] 
 []


Overfull \hbox (172.48752pt too wide) in alignment at lines 203--215
 [] [] [] [] [] [] [] 
 []

[2]
Overfull \hbox (172.48752pt too wide) in alignment at lines 220--223
 [] [] [] [] [] [] [] 
 []


Overfull \hbox (172.48752pt too wide) in alignment at lines 223--223
 [] [] [] [] [] [] [] 
 []


Overfull \hbox (172.48752pt too wide) in alignment at lines 223--223
 [] [] [] [] [] [] [] 
 []


Overfull \hbox (172.48752pt too wide) in alignment at lines 223--223
 [] [] [] [] [] [] [] 
 []


Overfull \hbox (172.48752pt too wide) in alignment at lines 223--233
 [] [] [] [] [] [] [] 
 []


Overfull \hbox (172.48752pt too wide) in alignment at lines 238--241
 [] [] [] [] [] [] [] 
 []


Overfull \hbox (172.48752pt too wide) in alignment at lines 241--241
 [] [] [] [] [] [] [] 
 []


Overfull \hbox (172.48752pt too wide) in alignment at lines 241--241
 [] [] [] [] [] [] [] 
 []


Overfull \hbox (172.48752pt too wide) in alignment at lines 241--241
 [] [] [] [] [] [] [] 
 []


Overfull \hbox (172.48752pt too wide) in alignment at lines 241--253
 [] [] [] [] [] [] [] 
 []


Overfull \hbox (172.48752pt too wide) in alignment at lines 258--261
 [] [] [] [] [] [] [] 
 []


Overfull \hbox (172.48752pt too wide) in alignment at lines 261--261
 [] [] [] [] [] [] [] 
 []


Overfull \hbox (172.48752pt too wide) in alignment at lines 261--261
 [] [] [] [] [] [] [] 
 []


Overfull \hbox (172.48752pt too wide) in alignment at lines 261--261
 [] [] [] [] [] [] [] 
 []


Overfull \hbox (172.48752pt too wide) in alignment at lines 261--273
 [] [] [] [] [] [] [] 
 []


Overfull \hbox (172.48752pt too wide) in alignment at lines 278--281
 [] [] [] [] [] [] [] 
 []


Overfull \hbox (172.48752pt too wide) in alignment at lines 281--281
 [] [] [] [] [] [] [] 
 []


Overfull \hbox (172.48752pt too wide) in alignment at lines 281--281
 [] [] [] [] [] [] [] 
 []


Overfull \hbox (172.48752pt too wide) in alignment at lines 281--281
 [] [] [] [] [] [] [] 
 []


Overfull \hbox (172.48752pt too wide) in alignment at lines 281--293
 [] [] [] [] [] [] [] 
 []

[3]
Overfull \hbox (172.48752pt too wide) in alignment at lines 298--301
 [] [] [] [] [] [] [] 
 []


Overfull \hbox (172.48752pt too wide) in alignment at lines 301--301
 [] [] [] [] [] [] [] 
 []


Overfull \hbox (172.48752pt too wide) in alignment at lines 301--301
 [] [] [] [] [] [] [] 
 []


Overfull \hbox (172.48752pt too wide) in alignment at lines 301--301
 [] [] [] [] [] [] [] 
 []


Overfull \hbox (172.48752pt too wide) in alignment at lines 301--313
 [] [] [] [] [] [] [] 
 []


Overfull \hbox (172.48752pt too wide) in alignment at lines 319--321
 [] [] [] [] [] [] [] 
 []


Overfull \hbox (172.48752pt too wide) in alignment at lines 321--321
 [] [] [] [] [] [] [] 
 []


Overfull \hbox (172.48752pt too wide) in alignment at lines 321--321
 [] [] [] [] [] [] [] 
 []


Overfull \hbox (172.48752pt too wide) in alignment at lines 321--321
 [] [] [] [] [] [] [] 
 []


Overfull \hbox (14.83905pt too wide) in paragraph at lines 327--327
[]\EU1/STFangsong(0)/bx/n/10 emp_proj_position 
 []


Overfull \hbox (172.48752pt too wide) in alignment at lines 321--344
 [] [] [] [] [] [] [] 
 []


Overfull \hbox (172.48752pt too wide) in alignment at lines 350--352
 [] [] [] [] [] [] [] 
 []


Overfull \hbox (172.48752pt too wide) in alignment at lines 352--352
 [] [] [] [] [] [] [] 
 []


Overfull \hbox (172.48752pt too wide) in alignment at lines 352--352
 [] [] [] [] [] [] [] 
 []


Overfull \hbox (172.48752pt too wide) in alignment at lines 352--352
 [] [] [] [] [] [] [] 
 []


Overfull \hbox (14.83905pt too wide) in paragraph at lines 360--360
[]\EU1/STFangsong(0)/bx/n/10 emp_proj_position 
 []


Overfull \hbox (172.48752pt too wide) in alignment at lines 352--370
 [] [] [] [] [] [] [] 
 []

[4]
Overfull \hbox (172.48752pt too wide) in alignment at lines 375--378
 [] [] [] [] [] [] [] 
 []


Overfull \hbox (172.48752pt too wide) in alignment at lines 378--378
 [] [] [] [] [] [] [] 
 []


Overfull \hbox (172.48752pt too wide) in alignment at lines 378--378
 [] [] [] [] [] [] [] 
 []


Overfull \hbox (172.48752pt too wide) in alignment at lines 378--378
 [] [] [] [] [] [] [] 
 []


Overfull \hbox (172.48752pt too wide) in alignment at lines 378--398
 [] [] [] [] [] [] [] 
 []


Overfull \hbox (172.48752pt too wide) in alignment at lines 403--406
 [] [] [] [] [] [] [] 
 []


Overfull \hbox (172.48752pt too wide) in alignment at lines 406--406
 [] [] [] [] [] [] [] 
 []


Overfull \hbox (172.48752pt too wide) in alignment at lines 406--406
 [] [] [] [] [] [] [] 
 []


Overfull \hbox (172.48752pt too wide) in alignment at lines 406--406
 [] [] [] [] [] [] [] 
 []


Overfull \hbox (172.48752pt too wide) in alignment at lines 406--422
 [] [] [] [] [] [] [] 
 []


Overfull \hbox (172.48752pt too wide) in alignment at lines 428--431
 [] [] [] [] [] [] [] 
 []


Overfull \hbox (172.48752pt too wide) in alignment at lines 431--431
 [] [] [] [] [] [] [] 
 []


Overfull \hbox (172.48752pt too wide) in alignment at lines 431--431
 [] [] [] [] [] [] [] 
 []


Overfull \hbox (172.48752pt too wide) in alignment at lines 431--431
 [] [] [] [] [] [] [] 
 []


Overfull \hbox (172.48752pt too wide) in alignment at lines 431--451
 [] [] [] [] [] [] [] 
 []


Underfull \vbox (badness 10000) detected at line 451
 []

[5]
Overfull \hbox (5.85678pt too wide) in paragraph at lines 462--462
[]|\EU1/STFangsong(0)/bx/n/10 登陆方式| 
 []


Overfull \hbox (172.48752pt too wide) in alignment at lines 459--462
 [] [] [] [] [] [] [] 
 []


Overfull \hbox (5.85678pt too wide) in paragraph at lines 462--462
[]|\EU1/STFangsong(0)/bx/n/10 登陆方式| 
 []


Overfull \hbox (172.48752pt too wide) in alignment at lines 462--462
 [] [] [] [] [] [] [] 
 []


Overfull \hbox (172.48752pt too wide) in alignment at lines 462--462
 [] [] [] [] [] [] [] 
 []


Overfull \hbox (172.48752pt too wide) in alignment at lines 462--462
 [] [] [] [] [] [] [] 
 []


Overfull \hbox (1.21678pt too wide) in paragraph at lines 463--463
[]|\EU1/STFangsong(0)/bx/n/10 as1a1nf0| 
 []


Underfull \hbox (badness 10000) in paragraph at lines 463--464
[]|\EU1/STFangsong(0)/bx/n/10 /home/aissm/soft/apache-
 []


Overfull \hbox (172.48752pt too wide) in alignment at lines 462--467
 [] [] [] [] [] [] [] 
 []


Overfull \hbox (5.85678pt too wide) in paragraph at lines 476--476
[]|\EU1/STFangsong(0)/bx/n/10 登陆方式| 
 []


Overfull \hbox (172.48752pt too wide) in alignment at lines 473--476
 [] [] [] [] [] [] [] 
 []


Overfull \hbox (5.85678pt too wide) in paragraph at lines 476--476
[]|\EU1/STFangsong(0)/bx/n/10 登陆方式| 
 []


Overfull \hbox (172.48752pt too wide) in alignment at lines 476--476
 [] [] [] [] [] [] [] 
 []


Overfull \hbox (172.48752pt too wide) in alignment at lines 476--476
 [] [] [] [] [] [] [] 
 []


Overfull \hbox (172.48752pt too wide) in alignment at lines 476--476
 [] [] [] [] [] [] [] 
 []


Overfull \hbox (1.21678pt too wide) in paragraph at lines 477--477
[]|\EU1/STFangsong(0)/bx/n/10 as1a1nf0| 
 []


Underfull \hbox (badness 10000) in paragraph at lines 477--478
[]|\EU1/STFangsong(0)/bx/n/10 /home/aissm/apache-
 []


Overfull \hbox (172.48752pt too wide) in alignment at lines 476--481
 [] [] [] [] [] [] [] 
 []

(/usr/local/texlive/2014/texmf-dist/tex/latex/listings/lstlang1.sty
File: lstlang1.sty 2014/03/04 1.5c listings language file
)
(/usr/local/texlive/2014/texmf-dist/tex/latex/listings/lstmisc.sty
File: lstmisc.sty 2014/03/04 1.5c (Carsten Heinz)
) [6]
[7] (./aissm.aux)

LaTeX Font Warning: Some font shapes were not available, defaults substituted.

 ) 
Here is how much of TeX's memory you used:
 14926 strings out of 493734
 298251 string characters out of 6146348
 425959 words of memory out of 5000000
 18169 multiletter control sequences out of 15000+600000
 6488 words of font info for 37 fonts, out of 8000000 for 9000
 1328 hyphenation exceptions out of 8191
 46i,11n,51p,10377b,1114s stack positions out of 5000i,500n,10000p,200000b,80000s

Output written on aissm.pdf (7 pages).
